0 info it worked if it ends with ok
1 verbose cli [
1 verbose cli   '/usr/local/bin/node',
1 verbose cli   '/usr/local/bin/npm',
1 verbose cli   'run',
1 verbose cli   'test',
1 verbose cli   '--no-cache',
1 verbose cli   '--clearCache'
1 verbose cli ]
2 info using npm@6.12.1
3 info using node@v12.13.1
4 verbose run-script [ 'pretest', 'test', 'posttest' ]
5 info lifecycle igrzyska-smierci-back@1.0.0~pretest: igrzyska-smierci-back@1.0.0
6 info lifecycle igrzyska-smierci-back@1.0.0~test: igrzyska-smierci-back@1.0.0
7 verbose lifecycle igrzyska-smierci-back@1.0.0~test: unsafe-perm in lifecycle true
8 verbose lifecycle igrzyska-smierci-back@1.0.0~test: PATH: /usr/local/lib/node_modules/npm/node_modules/npm-lifecycle/node-gyp-bin:/Users/mateusz.skibicki/Desktop/igrzyska-smierci-back/node_modules/.bin:/Users/mateusz.skibicki/.yarn/bin:/Users/mateusz.skibicki/.config/yarn/global/node_modules/.bin:/usr/local/bin:/usr/bin:/bin:/usr/sbin:/sbin
9 verbose lifecycle igrzyska-smierci-back@1.0.0~test: CWD: /Users/mateusz.skibicki/Desktop/igrzyska-smierci-back
10 silly lifecycle igrzyska-smierci-back@1.0.0~test: Args: [ '-c', 'jest --verbose -c jest.config.js' ]
11 silly lifecycle igrzyska-smierci-back@1.0.0~test: Returned: code: 1  signal: null
12 info lifecycle igrzyska-smierci-back@1.0.0~test: Failed to exec test script
13 verbose stack Error: igrzyska-smierci-back@1.0.0 test: `jest --verbose -c jest.config.js`
13 verbose stack Exit status 1
13 verbose stack     at EventEmitter.<anonymous> (/usr/local/lib/node_modules/npm/node_modules/npm-lifecycle/index.js:332:16)
13 verbose stack     at EventEmitter.emit (events.js:210:5)
13 verbose stack     at ChildProcess.<anonymous> (/usr/local/lib/node_modules/npm/node_modules/npm-lifecycle/lib/spawn.js:55:14)
13 verbose stack     at ChildProcess.emit (events.js:210:5)
13 verbose stack     at maybeClose (internal/child_process.js:1021:16)
13 verbose stack     at Process.ChildProcess._handle.onexit (internal/child_process.js:283:5)
14 verbose pkgid igrzyska-smierci-back@1.0.0
15 verbose cwd /Users/mateusz.skibicki/Desktop/igrzyska-smierci-back
16 verbose Darwin 19.4.0
17 verbose argv "/usr/local/bin/node" "/usr/local/bin/npm" "run" "test" "--no-cache" "--clearCache"
18 verbose node v12.13.1
19 verbose npm  v6.12.1
20 error code ELIFECYCLE
21 error errno 1
22 error igrzyska-smierci-back@1.0.0 test: `jest --verbose -c jest.config.js`
22 error Exit status 1
23 error Failed at the igrzyska-smierci-back@1.0.0 test script.
23 error This is probably not a problem with npm. There is likely additional logging output above.
24 verbose exit [ 1, true ]
